2010-06-07 20:24:13 [22532] [0] INFO: Added logfile `smppbox.log' with level `0'.
2010-06-07 20:24:13 [22532] [0] INFO: Waiting for SMPP connections on port 2346.
2010-06-07 20:24:32 [22532] [0] ERROR: SIGINT received, aborting program...
2010-06-07 20:24:32 [22532] [0] INFO: No more waiting for SMPP connections.
2010-06-07 20:24:32 [22532] [0] DEBUG: Immutable octet strings: 232.
2010-06-07 21:17:27 [23925] [0] INFO: Added logfile `smppbox.log' with level `0'.
2010-06-07 21:17:27 [23925] [0] INFO: Waiting for SMPP connections on port 2346.
2010-06-07 21:17:28 [23925] [0] ERROR: SIGINT received, aborting program...
2010-06-07 21:17:28 [23925] [0] INFO: No more waiting for SMPP connections.
2010-06-07 21:17:28 [23925] [0] DEBUG: Immutable octet strings: 234.
2010-06-07 21:17:30 [23928] [0] INFO: Added logfile `smppbox.log' with level `0'.
2010-06-07 21:17:30 [23928] [0] INFO: Waiting for SMPP connections on port 2346.
2010-06-07 21:17:32 [23928] [0] ERROR: SIGINT received, aborting program...
2010-06-07 21:17:32 [23928] [0] INFO: No more waiting for SMPP connections.
2010-06-07 21:17:32 [23928] [0] DEBUG: Immutable octet strings: 234.
2010-06-07 21:17:35 [23931] [0] INFO: Added logfile `smppbox.log' with level `0'.
2010-06-07 21:17:35 [23931] [0] INFO: Waiting for SMPP connections on port 2346.
2010-06-07 21:17:46 [23931] [0] ERROR: SIGINT received, aborting program...
2010-06-07 21:17:46 [23931] [0] INFO: No more waiting for SMPP connections.
2010-06-07 21:17:46 [23931] [0] DEBUG: Immutable octet strings: 234.
2010-06-07 21:24:20 [28625] [0] INFO: Added logfile `smppbox.log' with level `0'.
2010-06-07 21:24:20 [28625] [0] INFO: Waiting for SMPP connections on port 2346.
2010-06-07 21:24:27 [28625] [0] ERROR: SIGINT received, aborting program...
2010-06-07 21:24:27 [28625] [0] INFO: No more waiting for SMPP connections.
2010-06-07 21:24:27 [28625] [0] DEBUG: Immutable octet strings: 234.
2010-06-07 21:57:10 [30764] [0] INFO: Added logfile `smppbox.log' with level `0'.
2010-06-07 21:57:10 [30764] [0] INFO: Waiting for SMPP connections on port 2346.
2010-06-07 21:57:13 [30764] [0] ERROR: SIGINT received, aborting program...
2010-06-07 21:57:13 [30764] [0] INFO: No more waiting for SMPP connections.
2010-06-07 21:57:13 [30764] [0] DEBUG: Immutable octet strings: 87.
2010-06-07 22:06:18 [32096] [0] INFO: Added logfile `smppbox.log' with level `0'.
2010-06-07 22:06:18 [32096] [0] INFO: Waiting for SMPP connections on port 2346.
2010-06-07 22:06:33 [32096] [0] ERROR: SIGINT received, aborting program...
2010-06-07 22:06:33 [32096] [0] INFO: No more waiting for SMPP connections.
2010-06-07 22:06:33 [32096] [0] DEBUG: Immutable octet strings: 88.
2010-06-07 22:06:44 [32115] [0] INFO: Added logfile `smppbox.log' with level `0'.
2010-06-07 22:06:44 [32115] [0] INFO: Waiting for SMPP connections on port 2346.
2010-06-07 22:06:45 [32115] [0] ERROR: SIGINT received, aborting program...
2010-06-07 22:06:45 [32115] [0] INFO: No more waiting for SMPP connections.
2010-06-07 22:06:45 [32115] [0] DEBUG: Immutable octet strings: 88.
2010-06-07 22:07:22 [32134] [0] INFO: Added logfile `smppbox.log' with level `0'.
2010-06-07 22:07:22 [32134] [0] INFO: Waiting for SMPP connections on port 2346.
2010-06-07 22:07:23 [32134] [0] ERROR: SIGINT received, aborting program...
2010-06-07 22:07:23 [32134] [0] INFO: No more waiting for SMPP connections.
2010-06-07 22:07:23 [32134] [0] DEBUG: Immutable octet strings: 88.
2010-06-07 22:08:57 [32204] [0] INFO: Added logfile `smppbox.log' with level `0'.
2010-06-07 22:08:57 [32204] [0] INFO: Waiting for SMPP connections on port 2346.
2010-06-07 22:09:05 [32204] [0] ERROR: SIGINT received, aborting program...
2010-06-07 22:09:05 [32204] [0] INFO: No more waiting for SMPP connections.
2010-06-07 22:09:05 [32204] [0] DEBUG: Immutable octet strings: 88.
2010-06-07 22:12:24 [533] [0] INFO: Added logfile `smppbox.log' with level `0'.
2010-06-07 22:12:24 [533] [0] INFO: Waiting for SMPP connections on port 2346.
2010-06-07 22:12:29 [533] [0] ERROR: SIGINT received, aborting program...
2010-06-07 22:12:29 [533] [0] INFO: No more waiting for SMPP connections.
2010-06-07 22:12:29 [533] [0] DEBUG: Immutable octet strings: 87.
2010-06-07 22:13:19 [563] [0] INFO: Added logfile `smppbox.log' with level `0'.
2010-06-07 22:13:19 [563] [0] INFO: Waiting for SMPP connections on port 2346.
2010-06-07 22:13:25 [563] [0] ERROR: SIGINT received, aborting program...
2010-06-07 22:13:25 [563] [0] INFO: No more waiting for SMPP connections.
2010-06-07 22:13:25 [563] [0] DEBUG: Immutable octet strings: 87.
